<?xml version="1.0" encoding="UTF-8"?>
<!-- Generated by org.testng.reporters.JUnitReportReporter -->
<testsuite hostname="INGBTCPIC6VWM41" failures="0" tests="1" name="CalculatorAutomation.CalculatorTest" time="1.888" errors="0" timestamp="2024-08-26T15:03:44 IST" skipped="0">
  <testcase classname="CalculatorAutomation.CalculatorTest" name="Addition" time="1.888"/>
  <system-out/>
</testsuite> <!-- CalculatorAutomation.CalculatorTest -->
