<?xml version="1.0" encoding="UTF-8"?>
<!-- Generated by org.testng.reporters.JUnitReportReporter -->
<testsuite hostname="INGBTCPIC6VWM41" failures="0" tests="1" name="CalculatorAutomation.AutomatingWeatherApps" time="1.791" errors="0" timestamp="2025-04-28T12:26:49 IST" skipped="0">
  <testcase classname="CalculatorAutomation.AutomatingWeatherApps" name="testWeatherApp" time="1.791"/>
  <system-out/>
</testsuite> <!-- CalculatorAutomation.AutomatingWeatherApps -->
