<?xml version="1.0" encoding="UTF-8"?>
<!-- Generated by org.testng.reporters.JUnitReportReporter -->
<testsuite hostname="INGBTCPIC6VWM41" failures="0" tests="1" name="CalculatorAutomation.NotepadApp" time="4.500" errors="0" timestamp="2024-10-21T11:25:21 IST" skipped="0">
  <testcase classname="CalculatorAutomation.NotepadApp" name="NotepadSave" time="4.500"/>
  <system-out/>
</testsuite> <!-- CalculatorAutomation.NotepadApp -->
