<?xml version="1.0" encoding="UTF-8"?>
<!-- Generated by org.testng.reporters.JUnitReportReporter -->
<testsuite hostname="INGBTCPIC6VWM41" failures="0" tests="1" name="CalculatorAutomation.NotepadApp" time="5.439" errors="0" timestamp="2025-03-12T12:21:26 IST" skipped="0">
  <testcase classname="CalculatorAutomation.NotepadApp" name="NotepadSave" time="5.439"/>
  <system-out/>
</testsuite> <!-- CalculatorAutomation.NotepadApp -->
