<?xml version="1.0" encoding="UTF-8"?>
<!-- Generated by org.testng.reporters.JUnitReportReporter -->
<testsuite hostname="INGBTCPIC6VWM41" failures="0" tests="1" name="CalculatorAutomation.AutomatingWeatherApps" time="3.500" errors="0" timestamp="2024-08-27T16:03:46 IST" skipped="0">
  <testcase classname="CalculatorAutomation.AutomatingWeatherApps" name="testWeatherApp" time="3.500"/>
  <system-out/>
</testsuite> <!-- CalculatorAutomation.AutomatingWeatherApps -->
